<?xml version="1.0" encoding="UTF-8"?>
<!-- Generated by org.testng.reporters.JUnitReportReporter -->
<testsuite hostname="rnc-Ideapad-Z570" failures="0" tests="4" name="sub.TestClass" time="31.440" errors="0" timestamp="2023-06-07T20:18:43 IST" skipped="1">
  <testcase classname="sub.TestClass" name="d" time="0.177"/>
  <system-out/>
  <testcase classname="sub.TestClass" name="c" time="0.015">
    <skipped/>
  </testcase> <!-- c -->
  <system-out/>
  <testcase classname="sub.TestClass" name="e" time="22.545"/>
  <system-out/>
  <testcase classname="sub.TestClass" name="b" time="8.703"/>
  <system-out/>
</testsuite> <!-- sub.TestClass -->
