<?xml version="1.0" encoding="UTF-8"?>
<!-- Generated by org.testng.reporters.JUnitReportReporter -->
<testsuite hostname="rnc-Ideapad-Z570" failures="0" tests="2" name="newNG.One" time="0.027" errors="0" timestamp="2023-06-02T09:25:24 IST" skipped="0">
  <testcase classname="newNG.One" name="test5" time="0.016"/>
  <system-out/>
  <testcase classname="newNG.One" name="test3" time="0.011"/>
  <system-out/>
</testsuite> <!-- newNG.One -->
