<?xml version="1.0" encoding="UTF-8"?>
<!-- Generated by org.testng.reporters.JUnitReportReporter -->
<testsuite hostname="rnc-Ideapad-Z570" failures="0" tests="8" name="testNG_Prac.Data_Provider_Practice" time="42.340" errors="0" timestamp="2023-05-25T12:48:02 IST" skipped="0">
  <testcase classname="testNG_Prac.Data_Provider_Practice" name="test" time="4.648"/>
  <system-out>
    <![CDATA[FAIL]]>
  </system-out>
  <testcase classname="testNG_Prac.Data_Provider_Practice" name="test" time="4.604"/>
  <system-out>
    <![CDATA[PASS]]>
  </system-out>
  <testcase classname="testNG_Prac.Data_Provider_Practice" name="test" time="9.961"/>
  <system-out>
    <![CDATA[PASS]]>
  </system-out>
  <testcase classname="testNG_Prac.Data_Provider_Practice" name="test" time="4.578"/>
  <system-out>
    <![CDATA[FAIL]]>
  </system-out>
  <testcase classname="testNG_Prac.Data_Provider_Practice" name="test" time="4.509"/>
  <system-out>
    <![CDATA[FAIL]]>
  </system-out>
  <testcase classname="testNG_Prac.Data_Provider_Practice" name="test" time="5.125"/>
  <system-out>
    <![CDATA[PASS]]>
  </system-out>
  <testcase classname="testNG_Prac.Data_Provider_Practice" name="test" time="4.341"/>
  <system-out>
    <![CDATA[FAIL]]>
  </system-out>
  <testcase classname="testNG_Prac.Data_Provider_Practice" name="test" time="4.574"/>
  <system-out>
    <![CDATA[FAIL]]>
  </system-out>
</testsuite> <!-- testNG_Prac.Data_Provider_Practice -->
